<?xml version="1.0" encoding="UTF-8"?>
<!-- Generated by org.testng.reporters.JUnitReportReporter -->
<testsuite skipped="0" hostname="Durlov" name="com.rave.qa.testCases.LoginPageTest" tests="1" failures="0" timestamp="10 Feb 2018 20:30:56 GMT" time="34.825" errors="0">
  <testcase name="loginTest" time="34.825" classname="com.rave.qa.testCases.LoginPageTest"/>
</testsuite> <!-- com.rave.qa.testCases.LoginPageTest -->
