<?xml version="1.0" encoding="UTF-8"?>
<!-- Generated by org.testng.reporters.JUnitReportReporter -->
<testsuite skipped="0" hostname="Durlov" name="com.rave.qa.testCases.ContactsPageTest" tests="3" failures="0" timestamp="10 Feb 2018 18:36:29 GMT" time="204.752" errors="0">
  <testcase name="createCRMContacts" time="107.784" classname="com.rave.qa.testCases.ContactsPageTest"/>
  <testcase name="createCRMContacts" time="47.171" classname="com.rave.qa.testCases.ContactsPageTest"/>
  <testcase name="createCRMContacts" time="49.797" classname="com.rave.qa.testCases.ContactsPageTest"/>
</testsuite> <!-- com.rave.qa.testCases.ContactsPageTest -->
